<?xml version="1.0" encoding="UTF-8"?>
<testng-results ignored="0" total="1" passed="1" failed="0" skipped="0">
  <reporter-output>
  </reporter-output>
  <suite started-at="2021-07-23T16:59:36 UYT" name="Default suite" finished-at="2021-07-23T17:01:01 UYT" duration-ms="84883">
    <groups>
      <group name="Regression">
        <method signature="VerifyCreateAccount.testCreateAccount()[pri:0, instance:account.VerifyCreateAccount@169e6180]" name="testCreateAccount" class="account.VerifyCreateAccount"/>
      </group> <!-- Regression -->
    </groups>
    <test started-at="2021-07-23T16:59:36 UYT" name="Default test" finished-at="2021-07-23T17:01:01 UYT" duration-ms="84883">
      <class name="account.VerifyCreateAccount">
        <test-method is-config="true" signature="testSetup()[pri:0, instance:account.VerifyCreateAccount@169e6180]" started-at="2021-07-23T16:59:36 UYT" name="testSetup" finished-at="2021-07-23T16:59:38 UYT" duration-ms="2025" status="PASS">
          <reporter-output>
          </reporter-output>
        </test-method> <!-- testSetup -->
        <test-method signature="testCreateAccount()[pri:0, instance:account.VerifyCreateAccount@169e6180]" started-at="2021-07-23T16:59:38 UYT" name="testCreateAccount" finished-at="2021-07-23T17:01:01 UYT" duration-ms="82641" status="PASS">
          <reporter-output>
          </reporter-output>
        </test-method> <!-- testCreateAccount -->
        <test-method is-config="true" signature="tearDown()[pri:0, instance:account.VerifyCreateAccount@169e6180]" started-at="2021-07-23T17:01:01 UYT" name="tearDown" finished-at="2021-07-23T17:01:01 UYT" duration-ms="177" status="PASS">
          <reporter-output>
          </reporter-output>
        </test-method> <!-- tearDown -->
      </class> <!-- account.VerifyCreateAccount -->
    </test> <!-- Default test -->
  </suite> <!-- Default suite -->
</testng-results>
