<?xml version="1.0" encoding="UTF-8"?>
<testng-results ignored="0" total="1" passed="0" failed="1" skipped="0">
  <reporter-output>
  </reporter-output>
  <suite started-at="2021-09-09T10:45:33 UYT" name="Default suite" finished-at="2021-09-09T10:46:19 UYT" duration-ms="46049">
    <groups>
      <group name="Account">
        <method signature="VerifyAccountRequiredFields.testAccountRequiredFields()[pri:0, instance:account.VerifyAccountRequiredFields@169e6180]" name="testAccountRequiredFields" class="account.VerifyAccountRequiredFields"/>
      </group> <!-- Account -->
      <group name="Regression">
        <method signature="VerifyAccountRequiredFields.testAccountRequiredFields()[pri:0, instance:account.VerifyAccountRequiredFields@169e6180]" name="testAccountRequiredFields" class="account.VerifyAccountRequiredFields"/>
      </group> <!-- Regression -->
    </groups>
    <test started-at="2021-09-09T10:45:33 UYT" name="Default test" finished-at="2021-09-09T10:46:19 UYT" duration-ms="46049">
      <class name="account.VerifyAccountRequiredFields">
        <test-method is-config="true" signature="testSetup()[pri:0, instance:account.VerifyAccountRequiredFields@169e6180]" started-at="2021-09-09T10:45:33 UYT" name="testSetup" finished-at="2021-09-09T10:45:36 UYT" duration-ms="2322" status="PASS">
          <reporter-output>
          </reporter-output>
        </test-method> <!-- testSetup -->
        <test-method signature="testAccountRequiredFields()[pri:0, instance:account.VerifyAccountRequiredFields@169e6180]" started-at="2021-09-09T10:45:36 UYT" name="testAccountRequiredFields" finished-at="2021-09-09T10:46:19 UYT" duration-ms="43251" status="FAIL">
          <exception class="java.lang.StringIndexOutOfBoundsException">
            <message>
              <![CDATA[begin 80, end 110, length 83]]>
            </message>
            <full-stacktrace>
              <![CDATA[java.lang.StringIndexOutOfBoundsException: begin 80, end 110, length 83
at java.base/java.lang.String.checkBoundsBeginEnd(String.java:3751)
at java.base/java.lang.String.substring(String.java:1907)
at util.UIUtilities.getXpathFromWebElement(UIUtilities.java:75)
at util.UIUtilities.waitForElementToBeDisplayed(UIUtilities.java:55)
at pageObjects.Page.openSalesforceApp(Page.java:127)
at pageObjects.Page.userLogIn(Page.java:119)
at account.VerifyAccountRequiredFields.testAccountRequiredFields(VerifyAccountRequiredFields.java:26)
at java.base/jdk.internal.reflect.NativeMethodAccessorImpl.invoke0(Native Method)
at java.base/jdk.internal.reflect.NativeMethodAccessorImpl.invoke(NativeMethodAccessorImpl.java:78)
at java.base/jdk.internal.reflect.DelegatingMethodAccessorImpl.invoke(DelegatingMethodAccessorImpl.java:43)
at java.base/java.lang.reflect.Method.invoke(Method.java:567)
at org.testng.internal.MethodInvocationHelper.invokeMethod(MethodInvocationHelper.java:133)
at org.testng.internal.TestInvoker.invokeMethod(TestInvoker.java:598)
at org.testng.internal.TestInvoker.invokeTestMethod(TestInvoker.java:173)
at org.testng.internal.MethodRunner.runInSequence(MethodRunner.java:46)
at org.testng.internal.TestInvoker$MethodInvocationAgent.invoke(TestInvoker.java:824)
at org.testng.internal.TestInvoker.invokeTestMethods(TestInvoker.java:146)
at org.testng.internal.TestMethodWorker.invokeTestMethods(TestMethodWorker.java:146)
at org.testng.internal.TestMethodWorker.run(TestMethodWorker.java:128)
at java.base/java.util.ArrayList.forEach(ArrayList.java:1511)
at org.testng.TestRunner.privateRun(TestRunner.java:794)
at org.testng.TestRunner.run(TestRunner.java:596)
at org.testng.SuiteRunner.runTest(SuiteRunner.java:377)
at org.testng.SuiteRunner.runSequentially(SuiteRunner.java:371)
at org.testng.SuiteRunner.privateRun(SuiteRunner.java:332)
at org.testng.SuiteRunner.run(SuiteRunner.java:276)
at org.testng.SuiteRunnerWorker.runSuite(SuiteRunnerWorker.java:53)
at org.testng.SuiteRunnerWorker.run(SuiteRunnerWorker.java:96)
at org.testng.TestNG.runSuitesSequentially(TestNG.java:1212)
at org.testng.TestNG.runSuitesLocally(TestNG.java:1134)
at org.testng.TestNG.runSuites(TestNG.java:1063)
at org.testng.TestNG.run(TestNG.java:1031)
at org.testng.remote.AbstractRemoteTestNG.run(AbstractRemoteTestNG.java:115)
at org.testng.remote.RemoteTestNG.initAndRun(RemoteTestNG.java:251)
at org.testng.remote.RemoteTestNG.main(RemoteTestNG.java:77)
]]>
            </full-stacktrace>
          </exception> <!-- java.lang.StringIndexOutOfBoundsException -->
          <reporter-output>
          </reporter-output>
        </test-method> <!-- testAccountRequiredFields -->
        <test-method is-config="true" signature="tearDown()[pri:0, instance:account.VerifyAccountRequiredFields@169e6180]" started-at="2021-09-09T10:46:19 UYT" name="tearDown" finished-at="2021-09-09T10:46:19 UYT" duration-ms="435" status="PASS">
          <reporter-output>
          </reporter-output>
        </test-method> <!-- tearDown -->
      </class> <!-- account.VerifyAccountRequiredFields -->
    </test> <!-- Default test -->
  </suite> <!-- Default suite -->
</testng-results>
